#
# A fatal error has been detected by the Java Runtime Environment:
#
#  SIGSEGV (0xb) at pc=0x0000000111517701, pid=34500, tid=1811
#
# JRE version: Java(TM) SE Runtime Environment (8.0_60-b27) (build 1.8.0_60-b27)
# Java VM: Java HotSpot(TM) 64-Bit Server VM (25.60-b23 mixed mode bsd-amd64 compressed oops)
# Problematic frame:
# J 980 C2 com.sun.tools.javac.file.ZipFileIndex$Entry.compareTo(Lcom/sun/tools/javac/file/ZipFileIndex$Entry;)I (40 bytes) @ 0x0000000111517701 [0x00000001115174e0+0x221]
#
# Failed to write core dump. Core dumps have been disabled. To enable core dumping, try "ulimit -c unlimited" before starting Java again
#
# If you would like to submit a bug report, please visit:
#   http://bugreport.java.com/bugreport/crash.jsp
#

---------------  T H R E A D  ---------------

Current thread (0x00007fb59180f800):  JavaThread "main" [_thread_in_Java, id=1811, stack(0x00007fff4fc03000,0x00007fff50403000)]

siginfo: si_signo: 11 (SIGSEGV), si_code: 1 (SEGV_MAPERR), si_addr: 0x0000000595e38930

Registers:
RAX=0xffffffff00000031, RBX=0x0000000795e38898, RCX=0x0000000000000008, RDX=0x0000000000000010
RSP=0x00007fff503fc9e8, RBP=0x00000000f2bc7119, RSI=0x0000000795e3880e, RDI=0x0000000795e388ce
R8 =0x0000000795e38820, R9 =0x0000000795e387d8, R10=0x0000000795e388e0, R11=0x00000000f2bc711c
R12=0x0000000000000000, R13=0x00007fff503fcaf0, R14=0x00007fff503fcba8, R15=0x00007fb59180f800
RIP=0x0000000111517701, EFLAGS=0x0000000000010293, ERR=0x0000000000000004
  TRAPNO=0x000000000000000e

Top of Stack: (sp=0x00007fff503fc9e8)
0x00007fff503fc9e8:   0000000000000008 0000000795f78bb8
0x00007fff503fc9f8:   0000000000000001 00007fff503fcb48
0x00007fff503fca08:   000000011150d69c 0000000000001da0
0x00007fff503fca18:   0000000795f86b28 00007fff503fca20
0x00007fff503fca28:   0000000125ab2e58 00007fff503fcaa0
0x00007fff503fca38:   0000000125ab3b90 00007fff503fcb48
0x00007fff503fca48:   000000011151c8cc 0000000000000000
0x00007fff503fca58:   00007fff503fca98 00007fff503fcae8
0x00007fff503fca68:   0000000111190c4d 0000000000000017
0x00007fff503fca78:   0000000000000001 0000000000001da5
0x00007fff503fca88:   0000000000000002 0000000000000002
0x00007fff503fca98:   0000000795f86fd8 000037d800001dc3
0x00007fff503fcaa8:   0000000795f78bb8 0000000100001dc1
0x00007fff503fcab8:   00007fff00001dc6 0000000125ab3b90
0x00007fff503fcac8:   0000000000000000 00007fff503fcb48
0x00007fff503fcad8:   0000000111190690 00007fff503fcb00
0x00007fff503fcae8:   0000000111190690 00000000000037d8
0x00007fff503fcaf8:   0000000000001dc1 0000000795f78bb8
0x00007fff503fcb08:   00007fff503fcb08 0000000125ab2538
0x00007fff503fcb18:   00007fff503fcba8 0000000125ab3b90
0x00007fff503fcb28:   0000000000000000 0000000125ab25d8
0x00007fff503fcb38:   00007fff503fcaf0 00007fff503fcb80
0x00007fff503fcb48:   00007fff503fcbf0 0000000111190c4d
0x00007fff503fcb58:   000000000000001c 000000000000001c
0x00007fff503fcb68:   000000000000001c 0000000795f86b28
0x00007fff503fcb78:   0000000000001a17 0000000000000000
0x00007fff503fcb88:   0000000000000000 0000000000000000
0x00007fff503fcb98:   00000000000037d8 0000000000001dc1
0x00007fff503fcba8:   0000000795f78bb8 00007fff503fcbb0
0x00007fff503fcbb8:   0000000125512a8c 00007fff503fcc00
0x00007fff503fcbc8:   0000000125519ab0 0000000000000000
0x00007fff503fcbd8:   0000000125512a98 00007fff503fcb80 

Instructions: (pc=0x0000000111517701)
0x00000001115176e1:   04 4f 0f b7 14 4e 2b c2 e9 97 00 00 00 48 8d 3c
0x00000001115176f1:   47 48 8d 34 46 83 e8 10 83 ea 10 74 21 48 f7 d8
0x0000000111517701:   c5 fe 6f 04 47 c5 fd ef 04 46 c4 e2 7d 17 c0 75
0x0000000111517711:   1e 48 83 c0 10 83 ea 10 75 e6 c5 fd ef c0 48 85 

Register to memory mapping:

RAX=0xffffffff00000031 is an unknown value
RBX=0x0000000795e38898 is an oop
com.sun.tools.javac.file.ZipFileIndex$Entry 
 - klass: 'com/sun/tools/javac/file/ZipFileIndex$Entry'
RCX=0x0000000000000008 is an unknown value
RDX=0x0000000000000010 is an unknown value
RSP=0x00007fff503fc9e8 is pointing into the stack for thread: 0x00007fb59180f800
RBP=0x00000000f2bc7119 is an unknown value
RSI=0x0000000795e3880e is an unknown value
RDI=0x0000000795e388ce is an unknown value
R8 =0x0000000795e38820 is an oop
[C 
 - klass: {type array char}
 - length: 49
R9 =0x0000000795e387d8 is an oop
com.sun.tools.javac.file.ZipFileIndex$Entry 
 - klass: 'com/sun/tools/javac/file/ZipFileIndex$Entry'
R10=0x0000000795e388e0 is an oop
[C 
 - klass: {type array char}
 - length: 57
R11=0x00000000f2bc711c is an unknown value
R12=0x0000000000000000 is an unknown value
R13=0x00007fff503fcaf0 is pointing into the stack for thread: 0x00007fb59180f800
R14=0x00007fff503fcba8 is pointing into the stack for thread: 0x00007fb59180f800
R15=0x00007fb59180f800 is a thread


Stack: [0x00007fff4fc03000,0x00007fff50403000],  sp=0x00007fff503fc9e8,  free space=8166k
Native frames: (J=compiled Java code, j=interpreted, Vv=VM code, C=native code)
J 980 C2 com.sun.tools.javac.file.ZipFileIndex$Entry.compareTo(Lcom/sun/tools/javac/file/ZipFileIndex$Entry;)I (40 bytes) @ 0x0000000111517701 [0x00000001115174e0+0x221]
C  0x00007fff503fcb48


---------------  P R O C E S S  ---------------

Java Threads: ( => current thread )
  0x00007fb59281a000 JavaThread "Service Thread" daemon [_thread_blocked, id=17923, stack(0x0000000128f9c000,0x000000012909c000)]
  0x00007fb59282d800 JavaThread "C1 CompilerThread2" daemon [_thread_blocked, id=17411, stack(0x0000000128e99000,0x0000000128f99000)]
  0x00007fb592824800 JavaThread "C2 CompilerThread1" daemon [_thread_in_native, id=16899, stack(0x0000000128d96000,0x0000000128e96000)]
  0x00007fb593059800 JavaThread "C2 CompilerThread0" daemon [_thread_in_native, id=16387, stack(0x0000000128c93000,0x0000000128d93000)]
  0x00007fb593058800 JavaThread "Signal Dispatcher" daemon [_thread_blocked, id=15883, stack(0x0000000128b90000,0x0000000128c90000)]
  0x00007fb592805000 JavaThread "Finalizer" daemon [_thread_blocked, id=11523, stack(0x000000012706e000,0x000000012716e000)]
  0x00007fb591818800 JavaThread "Reference Handler" daemon [_thread_blocked, id=11011, stack(0x0000000126f6b000,0x000000012706b000)]
=>0x00007fb59180f800 JavaThread "main" [_thread_in_Java, id=1811, stack(0x00007fff4fc03000,0x00007fff50403000)]

Other Threads:
  0x00007fb593050800 VMThread [stack: 0x0000000126e68000,0x0000000126f68000] [id=10499]
  0x00007fb593025000 WatcherThread [stack: 0x000000012909f000,0x000000012919f000] [id=18435]

VM state:not at safepoint (normal execution)

VM Mutex/Monitor currently owned by a thread: None

Heap:
 PSYoungGen      total 38400K, used 15646K [0x0000000795580000, 0x0000000798000000, 0x00000007c0000000)
  eden space 33280K, 31% used [0x0000000795580000,0x0000000795fcaa28,0x0000000797600000)
  from space 5120K, 99% used [0x0000000797600000,0x0000000797afcf00,0x0000000797b00000)
  to   space 5120K, 0% used [0x0000000797b00000,0x0000000797b00000,0x0000000798000000)
 ParOldGen       total 87552K, used 344K [0x0000000740000000, 0x0000000745580000, 0x0000000795580000)
  object space 87552K, 0% used [0x0000000740000000,0x0000000740056010,0x0000000745580000)
 Metaspace       used 12060K, capacity 12210K, committed 12288K, reserved 1060864K
  class space    used 1436K, capacity 1509K, committed 1536K, reserved 1048576K

Card table byte_map: [0x0000000120549000,0x000000012094a000] byte_map_base: 0x000000011cb49000

Marking Bits: (ParMarkBitMap*) 0x0000000110adee20
 Begin Bits: [0x0000000121001000, 0x0000000123001000)
 End Bits:   [0x0000000123001000, 0x0000000125001000)

Polling page: 0x000000010f957000

CodeCache: size=245760Kb used=3659Kb max_used=3671Kb free=242100Kb
 bounds [0x0000000111189000, 0x0000000111529000, 0x0000000120189000]
 total_blobs=1312 nmethods=979 adapters=247
 compilation: enabled

Compilation events (10 events):
Event: 1.120 Thread 0x00007fb59282d800  981       3       java.util.ComparableTimSort::countRunAndMakeAscending (123 bytes)
Event: 1.120 Thread 0x00007fb593059800 nmethod 972 0x0000000111517a10 code [0x0000000111517b80, 0x0000000111517e78]
Event: 1.120 Thread 0x00007fb593059800  980       4       com.sun.tools.javac.file.ZipFileIndex$Entry::compareTo (40 bytes)
Event: 1.120 Thread 0x00007fb59282d800 nmethod 981 0x000000011151bf50 code [0x000000011151c180, 0x000000011151cf68]
Event: 1.120 Thread 0x00007fb59282d800  982       3       java.util.ComparableTimSort::gallopRight (327 bytes)
Event: 1.121 Thread 0x00007fb59282d800 nmethod 982 0x00000001115184d0 code [0x00000001115186e0, 0x00000001115191b8]
Event: 1.122 Thread 0x00007fb59282d800  983       3       java.util.ComparableTimSort::binarySort (223 bytes)
Event: 1.122 Thread 0x00007fb593059800 nmethod 980 0x0000000111517390 code [0x00000001115174e0, 0x0000000111517838]
Event: 1.122 Thread 0x00007fb593059800  979       4       com.sun.tools.javac.file.ZipFileIndex$Entry::compareTo (9 bytes)
Event: 1.122 Thread 0x00007fb59282d800 nmethod 983 0x000000011151f290 code [0x000000011151f480, 0x000000011151ff78]

GC Heap History (2 events):
Event: 0.940 GC heap before
{Heap before GC invocations=1 (full 0):
 PSYoungGen      total 38400K, used 33280K [0x0000000795580000, 0x0000000798000000, 0x00000007c0000000)
  eden space 33280K, 100% used [0x0000000795580000,0x0000000797600000,0x0000000797600000)
  from space 5120K, 0% used [0x0000000797b00000,0x0000000797b00000,0x0000000798000000)
  to   space 5120K, 0% used [0x0000000797600000,0x0000000797600000,0x0000000797b00000)
 ParOldGen       total 87552K, used 0K [0x0000000740000000, 0x0000000745580000, 0x0000000795580000)
  object space 87552K, 0% used [0x0000000740000000,0x0000000740000000,0x0000000745580000)
 Metaspace       used 10702K, capacity 10898K, committed 11136K, reserved 1058816K
  class space    used 1283K, capacity 1349K, committed 1408K, reserved 1048576K
Event: 0.949 GC heap after
Heap after GC invocations=1 (full 0):
 PSYoungGen      total 38400K, used 5107K [0x0000000795580000, 0x0000000798000000, 0x00000007c0000000)
  eden space 33280K, 0% used [0x0000000795580000,0x0000000795580000,0x0000000797600000)
  from space 5120K, 99% used [0x0000000797600000,0x0000000797afcf00,0x0000000797b00000)
  to   space 5120K, 0% used [0x0000000797b00000,0x0000000797b00000,0x0000000798000000)
 ParOldGen       total 87552K, used 344K [0x0000000740000000, 0x0000000745580000, 0x0000000795580000)
  object space 87552K, 0% used [0x0000000740000000,0x0000000740056010,0x0000000745580000)
 Metaspace       used 10702K, capacity 10898K, committed 11136K, reserved 1058816K
  class space    used 1283K, capacity 1349K, committed 1408K, reserved 1048576K
}

Deoptimization events (10 events):
Event: 1.008 Thread 0x00007fb59180f800 Uncommon trap: reason=class_check action=maybe_recompile pc=0x00000001113e1290 method=java.util.Collections$UnmodifiableCollection$1.next()Ljava/lang/Object; @ 4
Event: 1.008 Thread 0x00007fb59180f800 Uncommon trap: reason=class_check action=maybe_recompile pc=0x00000001113def98 method=java.util.Collections$UnmodifiableCollection$1.hasNext()Z @ 4
Event: 1.008 Thread 0x00007fb59180f800 Uncommon trap: reason=class_check action=maybe_recompile pc=0x00000001113e1290 method=java.util.Collections$UnmodifiableCollection$1.next()Ljava/lang/Object; @ 4
Event: 1.011 Thread 0x00007fb59180f800 Uncommon trap: reason=class_check action=maybe_recompile pc=0x000000011131f0d4 method=sun.misc.URLClassPath.getLoader(I)Lsun/misc/URLClassPath$Loader; @ 94
Event: 1.058 Thread 0x00007fb59180f800 Uncommon trap: reason=unstable_if action=reinterpret pc=0x00000001113dc1dc method=sun.misc.MetaIndex.mayContain(Ljava/lang/String;)Z @ 38
Event: 1.067 Thread 0x00007fb59180f800 Uncommon trap: reason=class_check action=maybe_recompile pc=0x00000001114fc7c8 method=java.io.DataInputStream.readChar()C @ 4
Event: 1.067 Thread 0x00007fb59180f800 Uncommon trap: reason=class_check action=maybe_recompile pc=0x00000001114fc7c8 method=java.io.DataInputStream.readChar()C @ 4
Event: 1.067 Thread 0x00007fb59180f800 Uncommon trap: reason=class_check action=maybe_recompile pc=0x00000001114fc7c8 method=java.io.DataInputStream.readChar()C @ 4
Event: 1.067 Thread 0x00007fb59180f800 Uncommon trap: reason=class_check action=maybe_recompile pc=0x00000001114fc7c8 method=java.io.DataInputStream.readChar()C @ 4
Event: 1.082 Thread 0x00007fb59180f800 Uncommon trap: reason=class_check action=maybe_recompile pc=0x00000001113e1290 method=java.util.Collections$UnmodifiableCollection$1.next()Ljava/lang/Object; @ 4

Internal exceptions (10 events):
Event: 0.172 Thread 0x00007fb59180f800 Exception <a 'java/security/PrivilegedActionException'> (0x00000007958b1f60) thrown at [/Users/java_re/workspace/8-2-build-macosx-x86_64/jdk8u60/4407/hotspot/src/share/vm/prims/jvm.cpp, line 1386]
Event: 0.172 Thread 0x00007fb59180f800 Exception <a 'java/security/PrivilegedActionException'> (0x00000007958b2170) thrown at [/Users/java_re/workspace/8-2-build-macosx-x86_64/jdk8u60/4407/hotspot/src/share/vm/prims/jvm.cpp, line 1386]
Event: 0.172 Thread 0x00007fb59180f800 Exception <a 'java/security/PrivilegedActionException'> (0x00000007958b5410) thrown at [/Users/java_re/workspace/8-2-build-macosx-x86_64/jdk8u60/4407/hotspot/src/share/vm/prims/jvm.cpp, line 1386]
Event: 0.172 Thread 0x00007fb59180f800 Exception <a 'java/security/PrivilegedActionException'> (0x00000007958b5620) thrown at [/Users/java_re/workspace/8-2-build-macosx-x86_64/jdk8u60/4407/hotspot/src/share/vm/prims/jvm.cpp, line 1386]
Event: 0.650 Thread 0x00007fb59180f800 Exception <a 'java/lang/ClassNotFoundException': org/apache/tools/ant/AntClassLoader> (0x0000000796689228) thrown at [/Users/java_re/workspace/8-2-build-macosx-x86_64/jdk8u60/4407/hotspot/src/share/vm/classfile/systemDictionary.cpp, line 210]
Event: 0.651 Thread 0x00007fb59180f800 Exception <a 'java/lang/ClassNotFoundException': org/apache/tools/ant/AntClassLoader> (0x0000000796696350) thrown at [/Users/java_re/workspace/8-2-build-macosx-x86_64/jdk8u60/4407/hotspot/src/share/vm/classfile/systemDictionary.cpp, line 210]
Event: 0.651 Thread 0x00007fb59180f800 Exception <a 'java/lang/ClassNotFoundException': org/apache/tools/ant/AntClassLoader> (0x000000079669a220) thrown at [/Users/java_re/workspace/8-2-build-macosx-x86_64/jdk8u60/4407/hotspot/src/share/vm/classfile/systemDictionary.cpp, line 210]
Event: 0.651 Thread 0x00007fb59180f800 Exception <a 'java/lang/ClassNotFoundException': org/apache/tools/ant/AntClassLoader> (0x000000079669a9b0) thrown at [/Users/java_re/workspace/8-2-build-macosx-x86_64/jdk8u60/4407/hotspot/src/share/vm/classfile/systemDictionary.cpp, line 210]
Event: 0.651 Thread 0x00007fb59180f800 Exception <a 'java/lang/ClassNotFoundException': org/apache/tools/ant/AntClassLoader> (0x000000079669c358) thrown at [/Users/java_re/workspace/8-2-build-macosx-x86_64/jdk8u60/4407/hotspot/src/share/vm/classfile/systemDictionary.cpp, line 210]
Event: 0.663 Thread 0x00007fb59180f800 Exception <a 'java/io/FileNotFoundException'> (0x00000007966be880) thrown at [/Users/java_re/workspace/8-2-build-macosx-x86_64/jdk8u60/4407/hotspot/src/share/vm/prims/jni.cpp, line 709]

Events (10 events):
Event: 1.083 loading class com/sun/tools/javac/file/ZipFileIndex
Event: 1.083 loading class com/sun/tools/javac/file/ZipFileIndex done
Event: 1.084 loading class java/util/zip/DataFormatException
Event: 1.084 loading class java/util/zip/DataFormatException done
Event: 1.085 loading class com/sun/tools/javac/file/ZipFileIndex$ZipDirectory
Event: 1.085 loading class com/sun/tools/javac/file/ZipFileIndex$ZipDirectory done
Event: 1.086 loading class com/sun/tools/javac/file/ZipFileIndex$DirectoryEntry
Event: 1.086 loading class com/sun/tools/javac/file/ZipFileIndex$DirectoryEntry done
Event: 1.086 loading class com/sun/tools/javac/file/ZipFileIndex$Entry
Event: 1.086 loading class com/sun/tools/javac/file/ZipFileIndex$Entry done


Dynamic libraries:
0x0000000000026000 	/System/Library/Frameworks/Cocoa.framework/Versions/A/Cocoa
0x0000000000026000 	/System/Library/Frameworks/Security.framework/Versions/A/Security
0x0000000000026000 	/System/Library/Frameworks/ApplicationServices.framework/Versions/A/ApplicationServices
0x0000000000026000 	/usr/lib/libz.1.dylib
0x0000000000026000 	/usr/lib/libSystem.B.dylib
0x0000000000026000 	/usr/lib/libobjc.A.dylib
0x0000000000026000 	/System/Library/Frameworks/CoreFoundation.framework/Versions/A/CoreFoundation
0x0000000000026000 	/System/Library/Frameworks/Foundation.framework/Versions/C/Foundation
0x0000000000026000 	/System/Library/Frameworks/AppKit.framework/Versions/C/AppKit
0x0000000000026000 	/System/Library/Frameworks/CoreData.framework/Versions/A/CoreData
0x0000000000026000 	/System/Library/PrivateFrameworks/RemoteViewServices.framework/Versions/A/RemoteViewServices
0x0000000000026000 	/System/Library/PrivateFrameworks/UIFoundation.framework/Versions/A/UIFoundation
0x0000000000026000 	/System/Library/Frameworks/IOSurface.framework/Versions/A/IOSurface
0x0000000000026000 	/System/Library/Frameworks/AudioToolbox.framework/Versions/A/AudioToolbox
0x0000000000026000 	/System/Library/Frameworks/AudioUnit.framework/Versions/A/AudioUnit
0x0000000000026000 	/System/Library/PrivateFrameworks/DataDetectorsCore.framework/Versions/A/DataDetectorsCore
0x0000000000026000 	/System/Library/PrivateFrameworks/DesktopServicesPriv.framework/Versions/A/DesktopServicesPriv
0x0000000000026000 	/System/Library/Frameworks/Carbon.framework/Versions/A/Frameworks/HIToolbox.framework/Versions/A/HIToolbox
0x0000000000026000 	/System/Library/Frameworks/QuartzCore.framework/Versions/A/QuartzCore
0x0000000000026000 	/System/Library/Frameworks/Carbon.framework/Versions/A/Frameworks/SpeechRecognition.framework/Versions/A/SpeechRecognition
0x0000000000026000 	/usr/lib/libauto.dylib
0x0000000000026000 	/usr/lib/libicucore.A.dylib
0x0000000000026000 	/usr/lib/libxml2.2.dylib
0x0000000000026000 	/System/Library/PrivateFrameworks/CoreUI.framework/Versions/A/CoreUI
0x0000000000026000 	/System/Library/Frameworks/CoreAudio.framework/Versions/A/CoreAudio
0x0000000000026000 	/System/Library/Frameworks/DiskArbitration.framework/Versions/A/DiskArbitration
0x0000000000026000 	/usr/lib/liblangid.dylib
0x0000000000026000 	/System/Library/PrivateFrameworks/MultitouchSupport.framework/Versions/A/MultitouchSupport
0x0000000000026000 	/System/Library/Frameworks/IOKit.framework/Versions/A/IOKit
0x0000000000026000 	/usr/lib/libDiagnosticMessagesClient.dylib
0x0000000000026000 	/System/Library/Frameworks/CoreServices.framework/Versions/A/CoreServices
0x0000000000026000 	/System/Library/PrivateFrameworks/PerformanceAnalysis.framework/Versions/A/PerformanceAnalysis
0x0000000000026000 	/System/Library/PrivateFrameworks/GenerationalStorage.framework/Versions/A/GenerationalStorage
0x0000000000026000 	/System/Library/Frameworks/OpenGL.framework/Versions/A/OpenGL
0x0000000000026000 	/System/Library/PrivateFrameworks/Sharing.framework/Versions/A/Sharing
0x0000000000026000 	/System/Library/Frameworks/CoreGraphics.framework/Versions/A/CoreGraphics
0x0000000000026000 	/System/Library/Frameworks/CoreText.framework/Versions/A/CoreText
0x0000000000026000 	/System/Library/Frameworks/ImageIO.framework/Versions/A/ImageIO
0x0000000000026000 	/usr/lib/libextension.dylib
0x0000000000026000 	/System/Library/PrivateFrameworks/Backup.framework/Versions/A/Backup
0x0000000000026000 	/usr/lib/libarchive.2.dylib
0x0000000000026000 	/System/Library/Frameworks/CFNetwork.framework/Versions/A/CFNetwork
0x0000000000026000 	/System/Library/Frameworks/SystemConfiguration.framework/Versions/A/SystemConfiguration
0x0000000000026000 	/usr/lib/libCRFSuite.dylib
0x0000000000026000 	/usr/lib/libc++.1.dylib
0x0000000000026000 	/usr/lib/libc++abi.dylib
0x0000000000026000 	/usr/lib/system/libcache.dylib
0x0000000000026000 	/usr/lib/system/libcommonCrypto.dylib
0x0000000000026000 	/usr/lib/system/libcompiler_rt.dylib
0x0000000000026000 	/usr/lib/system/libcopyfile.dylib
0x0000000000026000 	/usr/lib/system/libcorecrypto.dylib
0x0000000000026000 	/usr/lib/system/libdispatch.dylib
0x0000000000026000 	/usr/lib/system/libdyld.dylib
0x0000000000026000 	/usr/lib/system/libkeymgr.dylib
0x0000000000026000 	/usr/lib/system/liblaunch.dylib
0x0000000000026000 	/usr/lib/system/libmacho.dylib
0x0000000000026000 	/usr/lib/system/libquarantine.dylib
0x0000000000026000 	/usr/lib/system/libremovefile.dylib
0x0000000000026000 	/usr/lib/system/libsystem_asl.dylib
0x0000000000026000 	/usr/lib/system/libsystem_blocks.dylib
0x0000000000026000 	/usr/lib/system/libsystem_c.dylib
0x0000000000026000 	/usr/lib/system/libsystem_configuration.dylib
0x0000000000026000 	/usr/lib/system/libsystem_coreservices.dylib
0x0000000000026000 	/usr/lib/system/libsystem_coretls.dylib
0x0000000000026000 	/usr/lib/system/libsystem_dnssd.dylib
0x0000000000026000 	/usr/lib/system/libsystem_info.dylib
0x0000000000026000 	/usr/lib/system/libsystem_kernel.dylib
0x0000000000026000 	/usr/lib/system/libsystem_m.dylib
0x0000000000026000 	/usr/lib/system/libsystem_malloc.dylib
0x0000000000026000 	/usr/lib/system/libsystem_network.dylib
0x0000000000026000 	/usr/lib/system/libsystem_networkextension.dylib
0x0000000000026000 	/usr/lib/system/libsystem_notify.dylib
0x0000000000026000 	/usr/lib/system/libsystem_platform.dylib
0x0000000000026000 	/usr/lib/system/libsystem_pthread.dylib
0x0000000000026000 	/usr/lib/system/libsystem_sandbox.dylib
0x0000000000026000 	/usr/lib/system/libsystem_secinit.dylib
0x0000000000026000 	/usr/lib/system/libsystem_stats.dylib
0x0000000000026000 	/usr/lib/system/libsystem_trace.dylib
0x0000000000026000 	/usr/lib/system/libunc.dylib
0x0000000000026000 	/usr/lib/system/libunwind.dylib
0x0000000000026000 	/usr/lib/system/libxpc.dylib
0x0000000000026000 	/usr/lib/libbz2.1.0.dylib
0x0000000000026000 	/usr/lib/liblzma.5.dylib
0x0000000000026000 	/usr/lib/libbsm.0.dylib
0x0000000000026000 	/usr/lib/libsqlite3.dylib
0x0000000000026000 	/usr/lib/system/libkxld.dylib
0x0000000000026000 	/usr/lib/libxar.1.dylib
0x0000000000026000 	/usr/lib/libpam.2.dylib
0x0000000000026000 	/usr/lib/libOpenScriptingUtil.dylib
0x0000000000026000 	/System/Library/Frameworks/CoreServices.framework/Versions/A/Frameworks/FSEvents.framework/Versions/A/FSEvents
0x0000000000026000 	/System/Library/Frameworks/CoreServices.framework/Versions/A/Frameworks/CarbonCore.framework/Versions/A/CarbonCore
0x0000000000026000 	/System/Library/Frameworks/CoreServices.framework/Versions/A/Frameworks/Metadata.framework/Versions/A/Metadata
0x0000000000026000 	/System/Library/Frameworks/CoreServices.framework/Versions/A/Frameworks/OSServices.framework/Versions/A/OSServices
0x0000000000026000 	/System/Library/Frameworks/CoreServices.framework/Versions/A/Frameworks/SearchKit.framework/Versions/A/SearchKit
0x0000000000026000 	/System/Library/Frameworks/CoreServices.framework/Versions/A/Frameworks/AE.framework/Versions/A/AE
0x0000000000026000 	/System/Library/Frameworks/CoreServices.framework/Versions/A/Frameworks/LaunchServices.framework/Versions/A/LaunchServices
0x0000000000026000 	/System/Library/Frameworks/CoreServices.framework/Versions/A/Frameworks/DictionaryServices.framework/Versions/A/DictionaryServices
0x0000000000026000 	/System/Library/Frameworks/NetFS.framework/Versions/A/NetFS
0x0000000000026000 	/System/Library/PrivateFrameworks/NetAuth.framework/Versions/A/NetAuth
0x0000000000026000 	/System/Library/PrivateFrameworks/login.framework/Versions/A/Frameworks/loginsupport.framework/Versions/A/loginsupport
0x0000000000026000 	/System/Library/PrivateFrameworks/TCC.framework/Versions/A/TCC
0x0000000000026000 	/usr/lib/libmecabra.dylib
0x0000000000026000 	/System/Library/Frameworks/ApplicationServices.framework/Versions/A/Frameworks/ATS.framework/Versions/A/ATS
0x0000000000026000 	/System/Library/Frameworks/ApplicationServices.framework/Versions/A/Frameworks/ColorSync.framework/Versions/A/ColorSync
0x0000000000026000 	/System/Library/Frameworks/ApplicationServices.framework/Versions/A/Frameworks/HIServices.framework/Versions/A/HIServices
0x0000000000026000 	/System/Library/Frameworks/ApplicationServices.framework/Versions/A/Frameworks/LangAnalysis.framework/Versions/A/LangAnalysis
0x0000000000026000 	/System/Library/Frameworks/ApplicationServices.framework/Versions/A/Frameworks/PrintCore.framework/Versions/A/PrintCore
0x0000000000026000 	/System/Library/Frameworks/ApplicationServices.framework/Versions/A/Frameworks/QD.framework/Versions/A/QD
0x0000000000026000 	/System/Library/Frameworks/ApplicationServices.framework/Versions/A/Frameworks/SpeechSynthesis.framework/Versions/A/SpeechSynthesis
0x0000000000026000 	/System/Library/Frameworks/Accelerate.framework/Versions/A/Accelerate
0x0000000000026000 	/System/Library/Frameworks/Accelerate.framework/Versions/A/Frameworks/vImage.framework/Versions/A/vImage
0x0000000000026000 	/System/Library/Frameworks/Accelerate.framework/Versions/A/Frameworks/vecLib.framework/Versions/A/vecLib
0x0000000000026000 	/System/Library/Frameworks/Accelerate.framework/Versions/A/Frameworks/vecLib.framework/Versions/A/libvDSP.dylib
0x0000000000026000 	/System/Library/Frameworks/Accelerate.framework/Versions/A/Frameworks/vecLib.framework/Versions/A/libvMisc.dylib
0x0000000000026000 	/System/Library/Frameworks/Accelerate.framework/Versions/A/Frameworks/vecLib.framework/Versions/A/libLAPACK.dylib
0x0000000000026000 	/System/Library/Frameworks/Accelerate.framework/Versions/A/Frameworks/vecLib.framework/Versions/A/libBLAS.dylib
0x0000000000026000 	/System/Library/Frameworks/Accelerate.framework/Versions/A/Frameworks/vecLib.framework/Versions/A/libLinearAlgebra.dylib
0x0000000000026000 	/System/Library/Frameworks/ApplicationServices.framework/Versions/A/Frameworks/ATS.framework/Versions/A/Resources/libFontParser.dylib
0x0000000000026000 	/System/Library/Frameworks/ApplicationServices.framework/Versions/A/Frameworks/ATS.framework/Versions/A/Resources/libFontRegistry.dylib
0x0000000000026000 	/System/Library/PrivateFrameworks/AppleVPA.framework/Versions/A/AppleVPA
0x0000000000026000 	/System/Library/PrivateFrameworks/AppleJPEG.framework/Versions/A/AppleJPEG
0x0000000000026000 	/System/Library/Frameworks/ImageIO.framework/Versions/A/Resources/libJPEG.dylib
0x0000000000026000 	/System/Library/Frameworks/ImageIO.framework/Versions/A/Resources/libTIFF.dylib
0x0000000000026000 	/System/Library/Frameworks/ImageIO.framework/Versions/A/Resources/libPng.dylib
0x0000000000026000 	/System/Library/Frameworks/ImageIO.framework/Versions/A/Resources/libGIF.dylib
0x0000000000026000 	/System/Library/Frameworks/ImageIO.framework/Versions/A/Resources/libJP2.dylib
0x0000000000026000 	/System/Library/Frameworks/ImageIO.framework/Versions/A/Resources/libRadiance.dylib
0x0000000000026000 	/System/Library/Frameworks/CoreVideo.framework/Versions/A/CoreVideo
0x0000000000026000 	/System/Library/Frameworks/OpenGL.framework/Versions/A/Libraries/libGLU.dylib
0x0000000000026000 	/System/Library/Frameworks/OpenGL.framework/Versions/A/Libraries/libGFXShared.dylib
0x0000000000026000 	/System/Library/Frameworks/OpenGL.framework/Versions/A/Libraries/libGL.dylib
0x0000000000026000 	/System/Library/Frameworks/OpenGL.framework/Versions/A/Libraries/libGLImage.dylib
0x0000000000026000 	/System/Library/Frameworks/OpenGL.framework/Versions/A/Libraries/libCVMSPluginSupport.dylib
0x0000000000026000 	/System/Library/Frameworks/OpenGL.framework/Versions/A/Libraries/libCoreVMClient.dylib
0x0000000000026000 	/usr/lib/libcups.2.dylib
0x0000000000026000 	/System/Library/Frameworks/Kerberos.framework/Versions/A/Kerberos
0x0000000000026000 	/System/Library/Frameworks/GSS.framework/Versions/A/GSS
0x0000000000026000 	/usr/lib/libresolv.9.dylib
0x0000000000026000 	/usr/lib/libiconv.2.dylib
0x0000000000026000 	/System/Library/PrivateFrameworks/Heimdal.framework/Versions/A/Heimdal
0x0000000000026000 	/usr/lib/libheimdal-asn1.dylib
0x0000000000026000 	/System/Library/Frameworks/OpenDirectory.framework/Versions/A/OpenDirectory
0x0000000000026000 	/System/Library/PrivateFrameworks/CommonAuth.framework/Versions/A/CommonAuth
0x0000000000026000 	/System/Library/Frameworks/OpenDirectory.framework/Versions/A/Frameworks/CFOpenDirectory.framework/Versions/A/CFOpenDirectory
0x0000000000026000 	/System/Library/Frameworks/SecurityFoundation.framework/Versions/A/SecurityFoundation
0x0000000000026000 	/System/Library/PrivateFrameworks/LanguageModeling.framework/Versions/A/LanguageModeling
0x0000000000026000 	/usr/lib/libcmph.dylib
0x0000000000026000 	/System/Library/Frameworks/ServiceManagement.framework/Versions/A/ServiceManagement
0x0000000000026000 	/usr/lib/libxslt.1.dylib
0x0000000000026000 	/System/Library/Frameworks/Carbon.framework/Versions/A/Frameworks/Ink.framework/Versions/A/Ink
0x0000000000026000 	/System/Library/Frameworks/QuartzCore.framework/Versions/A/Frameworks/CoreImage.framework/Versions/A/CoreImage
0x0000000000026000 	/System/Library/PrivateFrameworks/CrashReporterSupport.framework/Versions/A/CrashReporterSupport
0x0000000000026000 	/System/Library/Frameworks/OpenCL.framework/Versions/A/OpenCL
0x0000000000026000 	/System/Library/PrivateFrameworks/FaceCore.framework/Versions/A/FaceCore
0x0000000000026000 	/System/Library/PrivateFrameworks/Ubiquity.framework/Versions/A/Ubiquity
0x0000000000026000 	/System/Library/PrivateFrameworks/IconServices.framework/Versions/A/IconServices
0x0000000000026000 	/System/Library/PrivateFrameworks/ChunkingLibrary.framework/Versions/A/ChunkingLibrary
0x0000000000026000 	/System/Library/PrivateFrameworks/Apple80211.framework/Versions/A/Apple80211
0x0000000000026000 	/System/Library/Frameworks/CoreWLAN.framework/Versions/A/CoreWLAN
0x0000000000026000 	/System/Library/Frameworks/IOBluetooth.framework/Versions/A/IOBluetooth
0x0000000000026000 	/System/Library/PrivateFrameworks/CoreWiFi.framework/Versions/A/CoreWiFi
0x0000000000026000 	/System/Library/Frameworks/CoreBluetooth.framework/Versions/A/CoreBluetooth
0x0000000000026000 	/System/Library/PrivateFrameworks/DebugSymbols.framework/Versions/A/DebugSymbols
0x0000000000026000 	/System/Library/PrivateFrameworks/CoreSymbolication.framework/Versions/A/CoreSymbolication
0x0000000000026000 	/System/Library/PrivateFrameworks/Symbolication.framework/Versions/A/Symbolication
0x0000000000026000 	/System/Library/PrivateFrameworks/SpeechRecognitionCore.framework/Versions/A/SpeechRecognitionCore
0x0000000110200000 	/Library/Java/JavaVirtualMachines/jdk1.8.0_60.jdk/Contents/Home/jre/lib/server/libjvm.dylib
0x0000000000026000 	/usr/lib/libstdc++.6.dylib
0x000000010f914000 	/Library/Java/JavaVirtualMachines/jdk1.8.0_60.jdk/Contents/Home/jre/lib/libverify.dylib
0x000000010f922000 	/Library/Java/JavaVirtualMachines/jdk1.8.0_60.jdk/Contents/Home/jre/lib/libjava.dylib
0x000000010f960000 	/Library/Java/JavaVirtualMachines/jdk1.8.0_60.jdk/Contents/Home/jre/lib/libzip.dylib
0x0000000127170000 	/System/Library/Frameworks/JavaVM.framework/Frameworks/JavaRuntimeSupport.framework/JavaRuntimeSupport
0x0000000127186000 	/System/Library/Frameworks/JavaVM.framework/Versions/A/Frameworks/JavaNativeFoundation.framework/Versions/A/JavaNativeFoundation
0x000000012719a000 	/System/Library/Frameworks/JavaVM.framework/Versions/A/JavaVM
0x0000000000026000 	/System/Library/Frameworks/Carbon.framework/Versions/A/Carbon
0x00000001271a6000 	/System/Library/PrivateFrameworks/JavaLaunching.framework/Versions/A/JavaLaunching
0x0000000000026000 	/System/Library/Frameworks/Carbon.framework/Versions/A/Frameworks/CommonPanels.framework/Versions/A/CommonPanels
0x0000000000026000 	/System/Library/Frameworks/Carbon.framework/Versions/A/Frameworks/Help.framework/Versions/A/Help
0x0000000000026000 	/System/Library/Frameworks/Carbon.framework/Versions/A/Frameworks/ImageCapture.framework/Versions/A/ImageCapture
0x0000000000026000 	/System/Library/Frameworks/Carbon.framework/Versions/A/Frameworks/OpenScripting.framework/Versions/A/OpenScripting
0x0000000000026000 	/System/Library/Frameworks/Carbon.framework/Versions/A/Frameworks/Print.framework/Versions/A/Print
0x0000000000026000 	/System/Library/Frameworks/Carbon.framework/Versions/A/Frameworks/SecurityHI.framework/Versions/A/SecurityHI
0x0000000129271000 	/Library/Java/JavaVirtualMachines/jdk1.8.0_60.jdk/Contents/Home/jre/lib/libnet.dylib

VM Arguments:
jvm_args: -Dant.home=/Applications/Eclipse.app/Contents/Eclipse/plugins/org.apache.ant_1.9.4.v201504302020 -Dant.library.dir=/Applications/Eclipse.app/Contents/Eclipse/plugins/org.apache.ant_1.9.4.v201504302020/lib -Djava.library.path=/Users/matthew/Library/Java/Extensions:/Library/Java/Extensions:/Network/Library/Java/Extensions:/System/Library/Java/Extensions:/usr/lib/java:.:/Applications/Eclipse.app/Contents/Eclipse/configuration/org.eclipse.osgi/437/0/.cp -Dfile.encoding=UTF-8 
java_command: org.eclipse.ant.internal.launching.remote.InternalAntRunner -Dorg.eclipse.ant.core.ANT_PROCESS_ID=1442083363208 -Declipse.connect.port=56123 -Dant.home=/Applications/Eclipse.app/Contents/Eclipse/plugins/org.apache.ant_1.9.4.v201504302020 -logger org.eclipse.ant.internal.launching.remote.logger.RemoteAntBuildLogger -inputhandler org.eclipse.ant.internal.ui.antsupport.inputhandler.ProxyInputHandler -buildfile /Users/matthew/Code/RobotCode/2015-Stackie-Chan/build.xml deploy
java_class_path (initial): /Applications/Eclipse.app/Contents/Eclipse/plugins/org.apache.ant_1.9.4.v201504302020/lib/ant-antlr.jar:/Applications/Eclipse.app/Contents/Eclipse/plugins/org.apache.ant_1.9.4.v201504302020/lib/ant-apache-bcel.jar:/Applications/Eclipse.app/Contents/Eclipse/plugins/org.apache.ant_1.9.4.v201504302020/lib/ant-apache-bsf.jar:/Applications/Eclipse.app/Contents/Eclipse/plugins/org.apache.ant_1.9.4.v201504302020/lib/ant-apache-log4j.jar:/Applications/Eclipse.app/Contents/Eclipse/plugins/org.apache.ant_1.9.4.v201504302020/lib/ant-apache-oro.jar:/Applications/Eclipse.app/Contents/Eclipse/plugins/org.apache.ant_1.9.4.v201504302020/lib/ant-apache-regexp.jar:/Applications/Eclipse.app/Contents/Eclipse/plugins/org.apache.ant_1.9.4.v201504302020/lib/ant-apache-resolver.jar:/Applications/Eclipse.app/Contents/Eclipse/plugins/org.apache.ant_1.9.4.v201504302020/lib/ant-apache-xalan2.jar:/Applications/Eclipse.app/Contents/Eclipse/plugins/org.apache.ant_1.9.4.v201504302020/lib/ant-commons-logging.jar:/Applications/Eclipse.app/Contents/Eclipse/plugins/org.apache.ant_1.9.4.v201504302020/lib/ant-commons-net.jar:/Applications/Eclipse.app/Contents/Eclipse/plugins/org.apache.ant_1.9.4.v201504302020/lib/ant-jai.jar:/Applications/Eclipse.app/Contents/Eclipse/plugins/org.apache.ant_1.9.4.v201504302020/lib/ant-javamail.jar:/Applications/Eclipse.app/Contents/Eclipse/plugins/org.apache.ant_1.9.4.v201504302020/lib/ant-jdepend.jar:/Applications/Eclipse.app/Contents/Eclipse/plugins/org.apache.ant_1.9.4.v201504302020/lib/ant-jmf.jar:/Applications/Eclipse.app/Contents/Eclipse/plugins/org.apache.ant_1.9.4.v201504302020/lib/ant-jsch.jar:/Applications/Eclipse.app/Contents/Eclipse/plugins/org.apache.ant_1.9.4.v201504302020/lib/ant-junit.jar:/Applications/Eclipse.app/Contents/Eclipse/plugins/org.apache.ant_1.9.4.v201504302020/lib/ant-junit4.jar:/Applications/Eclipse.app/Contents/Eclipse/plugins/org.apache.ant_1.9.4.v201504302020/lib/ant-launcher.jar:/Applications/Eclipse.app/Cont
Launcher Type: SUN_STANDARD

Environment Variables:
PATH=/usr/bin:/bin:/usr/sbin:/sbin
SHELL=/bin/zsh

Signal Handlers:
SIGSEGV: [libjvm.dylib+0x5a6d31], sa_mask[0]=11111111011111110111111111111111, sa_flags=SA_ONSTACK|SA_RESTART|SA_SIGINFO
SIGBUS: [libjvm.dylib+0x5a6d31], sa_mask[0]=11111111011111110111111111111111, sa_flags=SA_RESTART|SA_SIGINFO
SIGFPE: [libjvm.dylib+0x480a4c], sa_mask[0]=11111111011111110111111111111111, sa_flags=SA_RESTART|SA_SIGINFO
SIGPIPE: [libjvm.dylib+0x480a4c], sa_mask[0]=11111111011111110111111111111111, sa_flags=SA_RESTART|SA_SIGINFO
SIGXFSZ: [libjvm.dylib+0x480a4c], sa_mask[0]=11111111011111110111111111111111, sa_flags=SA_RESTART|SA_SIGINFO
SIGILL: [libjvm.dylib+0x480a4c], sa_mask[0]=11111111011111110111111111111111, sa_flags=SA_RESTART|SA_SIGINFO
SIGUSR1: SIG_DFL, sa_mask[0]=00000000000000000000000000000000, sa_flags=none
SIGUSR2: [libjvm.dylib+0x48056a], sa_mask[0]=00100000000000000000000000000000, sa_flags=SA_RESTART|SA_SIGINFO
SIGHUP: [libjvm.dylib+0x47eb41], sa_mask[0]=11111111011111110111111111111111, sa_flags=SA_RESTART|SA_SIGINFO
SIGINT: [libjvm.dylib+0x47eb41], sa_mask[0]=11111111011111110111111111111111, sa_flags=SA_RESTART|SA_SIGINFO
SIGTERM: [libjvm.dylib+0x47eb41], sa_mask[0]=11111111011111110111111111111111, sa_flags=SA_RESTART|SA_SIGINFO
SIGQUIT: [libjvm.dylib+0x47eb41], sa_mask[0]=11111111011111110111111111111111, sa_flags=SA_RESTART|SA_SIGINFO


---------------  S Y S T E M  ---------------

OS:Bsduname:Darwin 14.3.0 Darwin Kernel Version 14.3.0: Mon Mar 23 11:59:05 PDT 2015; root:xnu-2782.20.48~5/RELEASE_X86_64 x86_64
rlimit: STACK 8192k, CORE 0k, NPROC 709, NOFILE 10240, AS infinity
load average:1.37 1.52 1.64

CPU:total 4 (2 cores per cpu, 2 threads per core) family 6 model 69 stepping 1, cmov, cx8, fxsr, mmx, sse, sse2, sse3, ssse3, sse4.1, sse4.2, popcnt, avx, avx2, aes, clmul, erms, lzcnt, ht, tsc, tscinvbit, bmi1, bmi2

Memory: 4k page, physical 8388608k(1182008k free)

/proc/meminfo:


vm_info: Java HotSpot(TM) 64-Bit Server VM (25.60-b23) for bsd-amd64 JRE (1.8.0_60-b27), built on Aug  4 2015 10:47:24 by "java_re" with gcc 4.2.1 (Based on Apple Inc. build 5658) (LLVM build 2336.11.00)

time: Sat Sep 12 14:42:44 2015
elapsed time: 1 seconds (0d 0h 0m 1s)

